This is pdfTeX, Version 3.14159265-2.6-1.40.19 (MiKTeX 2.9.6800) (preloaded format=pdflatex 2018.9.16)  8 NOV 2018 17:09
entering extended mode
**./main.tex
(main.tex
LaTeX2e <2018-04-01> patch level 5
(/home/npham01/.miktex/texmfs/install/tex/latex/base/article.cls
Document Class: article 2014/09/29 v1.4h Standard LaTeX document class
(/home/npham01/.miktex/texmfs/install/tex/latex/base/size10.clo
File: size10.clo 2014/09/29 v1.4h Standard LaTeX file (size option)
)
\c@part=\count80
\c@section=\count81
\c@subsection=\count82
\c@subsubsection=\count83
\c@paragraph=\count84
\c@subparagraph=\count85
\c@figure=\count86
\c@table=\count87
\abovecaptionskip=\skip41
\belowcaptionskip=\skip42
\bibindent=\dimen102
)
(/home/npham01/.miktex/texmfs/install/tex/latex/base/inputenc.sty
Package: inputenc 2018/04/06 v1.3b Input encoding file
\inpenc@prehook=\toks14
\inpenc@posthook=\toks15
)
(/home/npham01/.miktex/texmfs/install/tex/latex/graphics/graphicx.sty
Package: graphicx 2017/06/01 v1.1a Enhanced LaTeX Graphics (DPC,SPQR)

(/home/npham01/.miktex/texmfs/install/tex/latex/graphics/keyval.sty
Package: keyval 2014/10/28 v1.15 key=value parser (DPC)
\KV@toks@=\toks16
)
(/home/npham01/.miktex/texmfs/install/tex/latex/graphics/graphics.sty
Package: graphics 2017/06/25 v1.2c Standard LaTeX Graphics (DPC,SPQR)

(/home/npham01/.miktex/texmfs/install/tex/latex/graphics/trig.sty
Package: trig 2016/01/03 v1.10 sin cos tan (DPC)
)
(/home/npham01/.miktex/texmfs/install/tex/latex/graphics-cfg/graphics.cfg
File: graphics.cfg 2016/06/04 v1.11 sample graphics configuration
)
Package graphics Info: Driver file: pdftex.def on input line 99.

(/home/npham01/.miktex/texmfs/install/tex/latex/graphics-def/pdftex.def
File: pdftex.def 2018/01/08 v1.0l Graphics/color driver for pdftex
))
\Gin@req@height=\dimen103
\Gin@req@width=\dimen104
)
(/home/npham01/.miktex/texmfs/install/tex/latex/geometry/geometry.sty
Package: geometry 2018/04/16 v5.8 Page Geometry

(/home/npham01/.miktex/texmfs/install/tex/generic/oberdiek/ifpdf.sty
Package: ifpdf 2018/09/07 v3.3 Provides the ifpdf switch
)
(/home/npham01/.miktex/texmfs/install/tex/generic/oberdiek/ifvtex.sty
Package: ifvtex 2016/05/16 v1.6 Detect VTeX and its facilities (HO)
Package ifvtex Info: VTeX not detected.
)
(/home/npham01/.miktex/texmfs/install/tex/generic/ifxetex/ifxetex.sty
Package: ifxetex 2010/09/12 v0.6 Provides ifxetex conditional
)
\Gm@cnth=\count88
\Gm@cntv=\count89
\c@Gm@tempcnt=\count90
\Gm@bindingoffset=\dimen105
\Gm@wd@mp=\dimen106
\Gm@odd@mp=\dimen107
\Gm@even@mp=\dimen108
\Gm@layoutwidth=\dimen109
\Gm@layoutheight=\dimen110
\Gm@layouthoffset=\dimen111
\Gm@layoutvoffset=\dimen112
\Gm@dimlist=\toks17

(/home/npham01/.miktex/texmfs/install/tex/latex/geometry/geometry.cfg))
(/home/npham01/.miktex/texmfs/install/tex/latex/amsmath/amsmath.sty
Package: amsmath 2017/09/02 v2.17a AMS math features
\@mathmargin=\skip43

For additional information on amsmath, use the `?' option.
(/home/npham01/.miktex/texmfs/install/tex/latex/amsmath/amstext.sty
Package: amstext 2000/06/29 v2.01 AMS text

(/home/npham01/.miktex/texmfs/install/tex/latex/amsmath/amsgen.sty
File: amsgen.sty 1999/11/30 v2.0 generic functions
\@emptytoks=\toks18
\ex@=\dimen113
))
(/home/npham01/.miktex/texmfs/install/tex/latex/amsmath/amsbsy.sty
Package: amsbsy 1999/11/29 v1.2d Bold Symbols
\pmbraise@=\dimen114
)
(/home/npham01/.miktex/texmfs/install/tex/latex/amsmath/amsopn.sty
Package: amsopn 2016/03/08 v2.02 operator names
)
\inf@bad=\count91
LaTeX Info: Redefining \frac on input line 213.
\uproot@=\count92
\leftroot@=\count93
LaTeX Info: Redefining \overline on input line 375.
\classnum@=\count94
\DOTSCASE@=\count95
LaTeX Info: Redefining \ldots on input line 472.
LaTeX Info: Redefining \dots on input line 475.
LaTeX Info: Redefining \cdots on input line 596.
\Mathstrutbox@=\box26
\strutbox@=\box27
\big@size=\dimen115
LaTeX Font Info:    Redeclaring font encoding OML on input line 712.
LaTeX Font Info:    Redeclaring font encoding OMS on input line 713.
\macc@depth=\count96
\c@MaxMatrixCols=\count97
\dotsspace@=\muskip10
\c@parentequation=\count98
\dspbrk@lvl=\count99
\tag@help=\toks19
\row@=\count100
\column@=\count101
\maxfields@=\count102
\andhelp@=\toks20
\eqnshift@=\dimen116
\alignsep@=\dimen117
\tagshift@=\dimen118
\tagwidth@=\dimen119
\totwidth@=\dimen120
\lineht@=\dimen121
\@envbody=\toks21
\multlinegap=\skip44
\multlinetaggap=\skip45
\mathdisplay@stack=\toks22
LaTeX Info: Redefining \[ on input line 2817.
LaTeX Info: Redefining \] on input line 2818.
)
(/home/npham01/.miktex/texmfs/install/tex/latex/xcolor/xcolor.sty
Package: xcolor 2016/05/11 v2.12 LaTeX color extensions (UK)

(/home/npham01/.miktex/texmfs/install/tex/latex/graphics-cfg/color.cfg
File: color.cfg 2016/01/02 v1.6 sample color configuration
)
Package xcolor Info: Driver file: pdftex.def on input line 225.
Package xcolor Info: Model `cmy' substituted by `cmy0' on input line 1348.
Package xcolor Info: Model `hsb' substituted by `rgb' on input line 1352.
Package xcolor Info: Model `RGB' extended on input line 1364.
Package xcolor Info: Model `HTML' substituted by `rgb' on input line 1366.
Package xcolor Info: Model `Hsb' substituted by `hsb' on input line 1367.
Package xcolor Info: Model `tHsb' substituted by `hsb' on input line 1368.
Package xcolor Info: Model `HSB' substituted by `hsb' on input line 1369.
Package xcolor Info: Model `Gray' substituted by `gray' on input line 1370.
Package xcolor Info: Model `wave' substituted by `hsb' on input line 1371.
)
(/home/npham01/.miktex/texmfs/install/tex/latex/float/float.sty
Package: float 2001/11/08 v1.3d Float enhancements (AL)
\c@float@type=\count103
\float@exts=\toks23
\float@box=\box28
\@float@everytoks=\toks24
\@floatcapt=\box29
)
(/home/npham01/.miktex/texmfs/install/tex/latex/tools/longtable.sty
Package: longtable 2014/10/28 v4.11 Multi-page Table package (DPC)
\LTleft=\skip46
\LTright=\skip47
\LTpre=\skip48
\LTpost=\skip49
\LTchunksize=\count104
\LTcapwidth=\dimen122
\LT@head=\box30
\LT@firsthead=\box31
\LT@foot=\box32
\LT@lastfoot=\box33
\LT@cols=\count105
\LT@rows=\count106
\c@LT@tables=\count107
\c@LT@chunks=\count108
\LT@p@ftn=\toks25
)
(/home/npham01/.miktex/texmfs/install/tex/latex/natbib/natbib.sty
Package: natbib 2010/09/13 8.31b (PWD, AO)
\bibhang=\skip50
\bibsep=\skip51
LaTeX Info: Redefining \cite on input line 694.
\c@NAT@ctr=\count109
)
(/home/npham01/.miktex/texmfs/install/tex/latex/glossaries/base/glossaries.sty
Package: glossaries 2018/07/23 v4.41 (NLCT)

(/home/npham01/.miktex/texmfs/install/tex/latex/base/ifthen.sty
Package: ifthen 2014/09/29 v1.1c Standard LaTeX ifthen package (DPC)
)
(/home/npham01/.miktex/texmfs/install/tex/latex/xkeyval/xkeyval.sty
Package: xkeyval 2014/12/03 v2.7a package option processing (HA)

(/home/npham01/.miktex/texmfs/install/tex/generic/xkeyval/xkeyval.tex
(/home/npham01/.miktex/texmfs/install/tex/generic/xkeyval/xkvutils.tex
\XKV@toks=\toks26
\XKV@tempa@toks=\toks27
)
\XKV@depth=\count110
File: xkeyval.tex 2014/12/03 v2.7a key=value parser (HA)
))
(/home/npham01/.miktex/texmfs/install/tex/latex/mfirstuc/mfirstuc.sty
Package: mfirstuc 2017/11/14 v2.06 (NLCT)

(/home/npham01/.miktex/texmfs/install/tex/latex/etoolbox/etoolbox.sty
Package: etoolbox 2018/08/19 v2.5f e-TeX tools for LaTeX (JAW)
\etb@tempcnta=\count111
)
\@glsmfirst=\toks28
\@glsmrest=\toks29
)
(/home/npham01/.miktex/texmfs/install/tex/latex/textcase/textcase.sty
Package: textcase 2004/10/07 v0.07 Text only upper/lower case changing (DPC)
)
(/home/npham01/.miktex/texmfs/install/tex/latex/xfor/xfor.sty
Package: xfor 2009/02/05 v1.05 (NLCT)
)
(/home/npham01/.miktex/texmfs/install/tex/latex/datatool/datatool-base.sty
Package: datatool-base 2018/04/16 v2.30 (NLCT)

(/home/npham01/.miktex/texmfs/install/tex/latex/substr/substr.sty
Package: substr 2009/10/20 v1.2 Handle substrings
\c@su@anzahl=\count112
)
(/home/npham01/.miktex/texmfs/install/tex/latex/datatool/datatool-fp.sty
Package: datatool-fp 2018/04/16 v2.30 (NLCT)

(/home/npham01/.miktex/texmfs/install/tex/latex/fp/fp.sty
Package: fp 1995/04/02

`Fixed Point Package', Version 0.8, April 2, 1995 (C) Michael Mehlich
(/home/npham01/.miktex/texmfs/install/tex/latex/fp/defpattern.sty
Package: defpattern 1994/10/12
\actioncount=\count113
)
(/home/npham01/.miktex/texmfs/install/tex/latex/fp/fp-basic.sty
Package: fp-basic 1996/05/13
\FP@xs=\count114
\FP@xia=\count115
\FP@xib=\count116
\FP@xfa=\count117
\FP@xfb=\count118
\FP@rega=\count119
\FP@regb=\count120
\FP@regs=\count121
\FP@times=\count122
)
(/home/npham01/.miktex/texmfs/install/tex/latex/fp/fp-addons.sty
Package: fp-addons 1995/03/15
)
(/home/npham01/.miktex/texmfs/install/tex/latex/fp/fp-snap.sty
Package: fp-snap 1995/04/05
)
(/home/npham01/.miktex/texmfs/install/tex/latex/fp/fp-exp.sty
Package: fp-exp 1995/04/03
)
(/home/npham01/.miktex/texmfs/install/tex/latex/fp/fp-trigo.sty
Package: fp-trigo 1995/04/14
)
(/home/npham01/.miktex/texmfs/install/tex/latex/fp/fp-pas.sty
Package: fp-pas 1994/08/29
)
(/home/npham01/.miktex/texmfs/install/tex/latex/fp/fp-random.sty
Package: fp-random 1995/02/23
\FPseed=\count123
)
(/home/npham01/.miktex/texmfs/install/tex/latex/fp/fp-eqn.sty
Package: fp-eqn 1995/04/03
)
(/home/npham01/.miktex/texmfs/install/tex/latex/fp/fp-upn.sty
Package: fp-upn 1996/10/21
)
(/home/npham01/.miktex/texmfs/install/tex/latex/fp/fp-eval.sty
Package: fp-eval 1995/04/03
)))
\@dtl@toks=\toks30
\@dtl@tmpcount=\count124
\dtl@tmplength=\skip52
\dtl@sortresult=\count125
\@dtl@numgrpsepcount=\count126
\@dtl@datatype=\count127
\dtl@codeA=\count128
\dtl@codeB=\count129
\@dtl@foreach@level=\count130
)
(/home/npham01/.miktex/texmfs/install/tex/latex/glossaries/base/glossaries-comp
atible-307.sty
Package: glossaries-compatible-307 2018/07/23 v4.41 (NLCT)
)
\gls@level=\count131
\@gls@tmpb=\toks31
\gls@tmplen=\skip53
\glskeylisttok=\toks32
\glslabeltok=\toks33
\glsshorttok=\toks34
\glslongtok=\toks35

(/home/npham01/.miktex/texmfs/install/tex/latex/glossaries/styles/glossary-hype
rnav.sty
Package: glossary-hypernav 2018/07/23 v4.41 (NLCT)
)
(/home/npham01/.miktex/texmfs/install/tex/latex/glossaries/styles/glossary-list
.sty
Package: glossary-list 2018/07/23 v4.41 (NLCT)
\glslistdottedwidth=\skip54
)
(/home/npham01/.miktex/texmfs/install/tex/latex/glossaries/styles/glossary-long
.sty
Package: glossary-long 2018/07/23 v4.41 (NLCT)
\glsdescwidth=\skip55
\glspagelistwidth=\skip56
)
(/home/npham01/.miktex/texmfs/install/tex/latex/glossaries/styles/glossary-supe
r.sty
Package: glossary-super 2018/07/23 v4.41 (NLCT)

(/home/npham01/.miktex/texmfs/install/tex/latex/supertabular/supertabular.sty
Package: supertabular 2004/02/20 v4.1e the supertabular environment
\c@tracingst=\count132
\ST@wd=\dimen123
\ST@rightskip=\skip57
\ST@leftskip=\skip58
\ST@parfillskip=\skip59
\ST@pageleft=\dimen124
\ST@headht=\dimen125
\ST@tailht=\dimen126
\ST@pagesofar=\dimen127
\ST@pboxht=\dimen128
\ST@lineht=\dimen129
\ST@stretchht=\dimen130
\ST@prevht=\dimen131
\ST@toadd=\dimen132
\ST@dimen=\dimen133
\ST@pbox=\box34
))
(/home/npham01/.miktex/texmfs/install/tex/latex/glossaries/styles/glossary-tree
.sty
Package: glossary-tree 2018/07/23 v4.41 (NLCT)
\glstreeindent=\skip60
))
\glswrite=\write3
\glo@main@file=\write4
\openout4 = `main.glo'.

Package glossaries Info: Writing glossary file main.glo on input line 13.
 (glossary.tex) (main.aux)
\openout1 = `main.aux'.

LaTeX Font Info:    Checking defaults for OML/cmm/m/it on input line 21.
LaTeX Font Info:    ... okay on input line 21.
LaTeX Font Info:    Checking defaults for T1/cmr/m/n on input line 21.
LaTeX Font Info:    ... okay on input line 21.
LaTeX Font Info:    Checking defaults for OT1/cmr/m/n on input line 21.
LaTeX Font Info:    ... okay on input line 21.
LaTeX Font Info:    Checking defaults for OMS/cmsy/m/n on input line 21.
LaTeX Font Info:    ... okay on input line 21.
LaTeX Font Info:    Checking defaults for OMX/cmex/m/n on input line 21.
LaTeX Font Info:    ... okay on input line 21.
LaTeX Font Info:    Checking defaults for U/cmr/m/n on input line 21.
LaTeX Font Info:    ... okay on input line 21.

(/home/npham01/.miktex/texmfs/install/tex/context/base/supp-pdf.mkii
[Loading MPS to PDF converter (version 2006.09.02).]
\scratchcounter=\count133
\scratchdimen=\dimen134
\scratchbox=\box35
\nofMPsegments=\count134
\nofMParguments=\count135
\everyMPshowfont=\toks36
\MPscratchCnt=\count136
\MPscratchDim=\dimen135
\MPnumerator=\count137
\makeMPintoPDFobject=\count138
\everyMPtoPDFconversion=\toks37
) (/home/npham01/.miktex/texmfs/install/tex/latex/oberdiek/epstopdf-base.sty
Package: epstopdf-base 2016/05/15 v2.6 Base part for package epstopdf

(/home/npham01/.miktex/texmfs/install/tex/generic/oberdiek/infwarerr.sty
Package: infwarerr 2016/05/16 v1.4 Providing info/warning/error messages (HO)
)
(/home/npham01/.miktex/texmfs/install/tex/latex/oberdiek/grfext.sty
Package: grfext 2016/05/16 v1.2 Manage graphics extensions (HO)

(/home/npham01/.miktex/texmfs/install/tex/generic/oberdiek/kvdefinekeys.sty
Package: kvdefinekeys 2016/05/16 v1.4 Define keys (HO)

(/home/npham01/.miktex/texmfs/install/tex/generic/oberdiek/ltxcmds.sty
Package: ltxcmds 2016/05/16 v1.23 LaTeX kernel commands for general use (HO)
)))
(/home/npham01/.miktex/texmfs/install/tex/latex/oberdiek/kvoptions.sty
Package: kvoptions 2016/05/16 v3.12 Key value format for package options (HO)

(/home/npham01/.miktex/texmfs/install/tex/generic/oberdiek/kvsetkeys.sty
Package: kvsetkeys 2016/05/16 v1.17 Key value parser (HO)

(/home/npham01/.miktex/texmfs/install/tex/generic/oberdiek/etexcmds.sty
Package: etexcmds 2016/05/16 v1.6 Avoid name clashes with e-TeX commands (HO)

(/home/npham01/.miktex/texmfs/install/tex/generic/oberdiek/ifluatex.sty
Package: ifluatex 2016/05/16 v1.4 Provides the ifluatex switch (HO)
Package ifluatex Info: LuaTeX not detected.
)
Package etexcmds Info: Could not find \expanded.
(etexcmds)             That can mean that you are not using pdfTeX 1.50 or
(etexcmds)             that some package has redefined \expanded.
(etexcmds)             In the latter case, load this package earlier.
)))
(/home/npham01/.miktex/texmfs/install/tex/generic/oberdiek/pdftexcmds.sty
Package: pdftexcmds 2018/09/10 v0.29 Utility functions of pdfTeX for LuaTeX (HO
)
Package pdftexcmds Info: LuaTeX not detected.
Package pdftexcmds Info: \pdf@primitive is available.
Package pdftexcmds Info: \pdf@ifprimitive is available.
Package pdftexcmds Info: \pdfdraftmode found.
)
Package epstopdf-base Info: Redefining graphics rule for `.eps' on input line 4
38.
Package grfext Info: Graphics extension search list:
(grfext)             [.pdf,.png,.jpg,.mps,.jpeg,.jbig2,.jb2,.PDF,.PNG,.JPG,.JPE
G,.JBIG2,.JB2,.eps]
(grfext)             \AppendGraphicsExtensions on input line 456.
)
*geometry* driver: auto-detecting
*geometry* detected driver: pdftex
*geometry* verbose mode - [ preamble ] result:
* driver: pdftex
* paper: <default>
* layout: <same size as paper>
* layoutoffset:(h,v)=(0.0pt,0.0pt)
* modes: 
* h-part:(L,W,R)=(72.26999pt, 469.75502pt, 72.26999pt)
* v-part:(T,H,B)=(72.26999pt, 650.43001pt, 72.26999pt)
* \paperwidth=614.295pt
* \paperheight=794.96999pt
* \textwidth=469.75502pt
* \textheight=650.43001pt
* \oddsidemargin=0.0pt
* \evensidemargin=0.0pt
* \topmargin=-37.0pt
* \headheight=12.0pt
* \headsep=25.0pt
* \topskip=10.0pt
* \footskip=30.0pt
* \marginparwidth=65.0pt
* \marginparsep=11.0pt
* \columnsep=10.0pt
* \skip\footins=9.0pt plus 4.0pt minus 2.0pt
* \hoffset=0.0pt
* \voffset=0.0pt
* \mag=1000
* \@twocolumnfalse
* \@twosidefalse
* \@mparswitchfalse
* \@reversemarginfalse
* (1in=72.27pt=25.4mm, 1cm=28.453pt)

[1

\openout3 = `main.ist'.

{/home/npham01/.miktex/texmfs/data/pdftex/config/pdftex.map}] (main.gls)
[2]
<PR2Images/GuitarCenterBoard.jpg, id=13, 4047.12pt x 3035.34pt>
File: PR2Images/GuitarCenterBoard.jpg Graphic file (type jpg)
<use PR2Images/GuitarCenterBoard.jpg>
Package pdftex.def Info: PR2Images/GuitarCenterBoard.jpg  used on input line 53
.
(pdftex.def)             Requested size: 187.89914pt x 140.89174pt.
<PR2Images/BossDisplay.jpg, id=14, 451.6875pt x 338.76563pt>
File: PR2Images/BossDisplay.jpg Graphic file (type jpg)
<use PR2Images/BossDisplay.jpg>
Package pdftex.def Info: PR2Images/BossDisplay.jpg  used on input line 63.
(pdftex.def)             Requested size: 281.85587pt x 211.40233pt.
 [3] [4 <./PR2Images/GuitarCenterBoard.jpg> <./PR2Images/BossDisplay.jpg>]
<PR2Images/BufferedvTrueBypass.png, id=22, 543.02875pt x 432.61626pt>
File: PR2Images/BufferedvTrueBypass.png Graphic file (type png)
<use PR2Images/BufferedvTrueBypass.png>
Package pdftex.def Info: PR2Images/BufferedvTrueBypass.png  used on input line 
72.
(pdftex.def)             Requested size: 281.85587pt x 224.55247pt.
<PR2Images/RoutingConfigs.png, id=24, 780.9175pt x 860.21375pt>
File: PR2Images/RoutingConfigs.png Graphic file (type png)
<use PR2Images/RoutingConfigs.png>
Package pdftex.def Info: PR2Images/RoutingConfigs.png  used on input line 82.
(pdftex.def)             Requested size: 187.89914pt x 206.98055pt.

[5 <./PR2Images/BufferedvTrueBypass.png>] [6 <./PR2Images/RoutingConfigs.png>]
Underfull \hbox (badness 1281) in paragraph at lines 126--127
\OT1/cmr/m/n/10 of pedals available at typical retail
 []


Underfull \hbox (badness 1286) in paragraph at lines 126--127
\OT1/cmr/m/n/10 is a trade-off between compatibility
 []


Underfull \hbox (badness 2617) in paragraph at lines 127--128
\OT1/cmr/m/n/10 a simple metric might be number
 []


Underfull \hbox (badness 2435) in paragraph at lines 127--128
\OT1/cmr/m/n/10 of words required to give working
 []

[7]
Underfull \hbox (badness 1776) in paragraph at lines 140--141
\OT1/cmr/m/n/10 sold to a retailer is dependent on
 []


Underfull \hbox (badness 1067) in paragraph at lines 141--142
\OT1/cmr/m/n/10 pedal to interface with the system.
 []


Underfull \hbox (badness 3547) in paragraph at lines 142--143
\OT1/cmr/m/n/10 have a very high SNR, measured
 []


Underfull \hbox (badness 3439) in paragraph at lines 142--143
\OT1/cmr/m/n/10 in non-ideal circumstances at +90
 []


Underfull \hbox (badness 1194) in paragraph at lines 142--143
\OT1/cmr/m/n/10 dBV. Higher values in a controlled
 []


Underfull \hbox (badness 2980) in paragraph at lines 143--144
[]|\OT1/cmr/m/n/10 As an audio system, the solution
 []


Underfull \hbox (badness 3068) in paragraph at lines 143--144
\OT1/cmr/m/n/10 must at minimum pass the audio
 []


Underfull \hbox (badness 1142) in paragraph at lines 143--144
\OT1/cmr/m/n/10 be used with processors that could
 []


Underfull \hbox (badness 4205) in paragraph at lines 144--145
\OT1/cmr/m/n/10 delay between when the pedal is
 []


Underfull \hbox (badness 1490) in paragraph at lines 146--147
[]|\OT1/cmr/m/n/10 For ease of design and safety, the
 []


Underfull \hbox (badness 3009) in paragraph at lines 146--147
\OT1/cmr/m/n/10 solution should accept DC voltage
 []


Underfull \vbox (badness 10000) detected at line 148
 []

[8] [9]
<PR2Images/GCpedals.jpg, id=44, 4047.12pt x 3035.34pt>
File: PR2Images/GCpedals.jpg Graphic file (type jpg)
<use PR2Images/GCpedals.jpg>
Package pdftex.def Info: PR2Images/GCpedals.jpg  used on input line 160.
(pdftex.def)             Requested size: 281.85587pt x 211.38394pt.
<PR2Images/SystemBlockDiagram.PNG, id=45, 744.98325pt x 364.9635pt>
File: PR2Images/SystemBlockDiagram.PNG Graphic file (type png)
<use PR2Images/SystemBlockDiagram.PNG>
Package pdftex.def Info: PR2Images/SystemBlockDiagram.PNG  used on input line 1
71.
(pdftex.def)             Requested size: 469.75502pt x 230.13426pt.
 [10 <./PR2Images/GCpedals.jpg>] [11 <./PR2Images/SystemBlockDiagram.PNG>]
<PR2Images/CornerBracketPerspective.jpg, id=53, 3031.325pt x 1933.2225pt>
File: PR2Images/CornerBracketPerspective.jpg Graphic file (type jpg)
<use PR2Images/CornerBracketPerspective.jpg>
Package pdftex.def Info: PR2Images/CornerBracketPerspective.jpg  used on input 
line 200.
(pdftex.def)             Requested size: 140.92793pt x 89.85262pt.
<PR2Images/PedalBestFit.jpg, id=54, 562.1pt x 421.575pt>
File: PR2Images/PedalBestFit.jpg Graphic file (type jpg)
<use PR2Images/PedalBestFit.jpg>
Package pdftex.def Info: PR2Images/PedalBestFit.jpg  used on input line 212.
(pdftex.def)             Requested size: 281.85587pt x 211.39165pt.
<PR2Images/PlatePrototype.png, id=55, 1006.76125pt x 473.77pt>
File: PR2Images/PlatePrototype.png Graphic file (type png)
<use PR2Images/PlatePrototype.png>
Package pdftex.def Info: PR2Images/PlatePrototype.png  used on input line 219.
(pdftex.def)             Requested size: 281.85587pt x 132.633pt.
LaTeX Font Info:    Try loading font information for OMS+cmr on input line 228.

 (/home/npham01/.miktex/texmfs/install/tex/latex/base/omscmr.fd
File: omscmr.fd 2014/09/29 v2.5h Standard LaTeX font definitions
)
LaTeX Font Info:    Font shape `OMS/cmr/m/n' in size <10> not available
(Font)              Font shape `OMS/cmsy/m/n' tried instead on input line 228.
 [12 <./PR2Images/CornerBracketPerspective.jpg>] [13 <./PR2Images/PedalBestFit.
jpg> <./PR2Images/PlatePrototype.png>]
<PR2Images/batteryconn.JPG, id=65, 602.25pt x 602.25pt>
File: PR2Images/batteryconn.JPG Graphic file (type jpg)
<use PR2Images/batteryconn.JPG>
Package pdftex.def Info: PR2Images/batteryconn.JPG  used on input line 244.
(pdftex.def)             Requested size: 187.89914pt x 187.8994pt.
<PR2Images/springpin.jpg, id=66, 501.875pt x 282.05376pt>
File: PR2Images/springpin.jpg Graphic file (type jpg)
<use PR2Images/springpin.jpg>
Package pdftex.def Info: PR2Images/springpin.jpg  used on input line 245.
(pdftex.def)             Requested size: 187.89914pt x 105.60204pt.
 [14]
<PR2Images/MillMaxSeries0914_0908.png, id=71, 1768.6075pt x 518.93875pt>
File: PR2Images/MillMaxSeries0914_0908.png Graphic file (type png)
<use PR2Images/MillMaxSeries0914_0908.png>
Package pdftex.def Info: PR2Images/MillMaxSeries0914_0908.png  used on input li
ne 260.
(pdftex.def)             Requested size: 469.75502pt x 137.82692pt.
 [15 <./PR2Images/batteryconn.JPG> <./PR2Images/springpin.jpg> <./PR2Images/Mil
lMaxSeries0914_0908.png>]
<PR2Images/ParallelPowerSchematic.PNG, id=76, 309.5565pt x 469.15276pt>
File: PR2Images/ParallelPowerSchematic.PNG Graphic file (type png)
<use PR2Images/ParallelPowerSchematic.PNG>
Package pdftex.def Info: PR2Images/ParallelPowerSchematic.PNG  used on input li
ne 276.
(pdftex.def)             Requested size: 187.89914pt x 284.77965pt.
 [16]
<PR2Images/LM317_typicalapplication.PNG, id=82, 536.60475pt x 310.15875pt>
File: PR2Images/LM317_typicalapplication.PNG Graphic file (type png)
<use PR2Images/LM317_typicalapplication.PNG>
Package pdftex.def Info: PR2Images/LM317_typicalapplication.PNG  used on input 
line 296.
(pdftex.def)             Requested size: 375.80544pt x 217.21849pt.
<PR2Images/AdjustableRegulatorSchematic.PNG, id=83, 413.74574pt x 324.0105pt>
File: PR2Images/AdjustableRegulatorSchematic.PNG Graphic file (type png)
<use PR2Images/AdjustableRegulatorSchematic.PNG>
Package pdftex.def Info: PR2Images/AdjustableRegulatorSchematic.PNG  used on in
put line 303.
(pdftex.def)             Requested size: 375.80544pt x 294.31606pt.
 [17 <./PR2Images/ParallelPowerSchematic.PNG>] [18 <./PR2Images/LM317_typicalap
plication.PNG> <./PR2Images/AdjustableRegulatorSchematic.PNG>] [19]
<PR2Images/PlateDetectSwitch.PNG, id=99, 80.09924pt x 252.34274pt>
File: PR2Images/PlateDetectSwitch.PNG Graphic file (type png)
<use PR2Images/PlateDetectSwitch.PNG>
Package pdftex.def Info: PR2Images/PlateDetectSwitch.PNG  used on input line 36
7.
(pdftex.def)             Requested size: 46.97836pt x 147.99916pt.
 [20 <./PR2Images/PlateDetectSwitch.PNG>]
<PR2Images/GuitarPickupModel.PNG, id=104, 215.00325pt x 257.16075pt>
File: PR2Images/GuitarPickupModel.PNG Graphic file (type png)
<use PR2Images/GuitarPickupModel.PNG>
Package pdftex.def Info: PR2Images/GuitarPickupModel.PNG  used on input line 39
0.
(pdftex.def)             Requested size: 140.92793pt x 168.56119pt.
 [21 <./PR2Images/GuitarPickupModel.PNG>]
<PR2Images/DiscreteHBridge.png, id=109, 598.235pt x 586.19pt>
File: PR2Images/DiscreteHBridge.png Graphic file (type png)
<use PR2Images/DiscreteHBridge.png>
Package pdftex.def Info: PR2Images/DiscreteHBridge.png  used on input line 403.

(pdftex.def)             Requested size: 281.85587pt x 276.18018pt.
 [22 <./PR2Images/DiscreteHBridge.png>]
<PR2Images/HBridgeCTRL_Block.PNG, id=114, 703.428pt x 117.43875pt>
File: PR2Images/HBridgeCTRL_Block.PNG Graphic file (type png)
<use PR2Images/HBridgeCTRL_Block.PNG>
Package pdftex.def Info: PR2Images/HBridgeCTRL_Block.PNG  used on input line 43
7.
(pdftex.def)             Requested size: 469.75502pt x 78.42729pt.
<PR2Images/BidirectionalEdgeSchem.PNG, id=115, 342.68025pt x 199.947pt>
File: PR2Images/BidirectionalEdgeSchem.PNG Graphic file (type png)
<use PR2Images/BidirectionalEdgeSchem.PNG>
Package pdftex.def Info: PR2Images/BidirectionalEdgeSchem.PNG  used on input li
ne 446.
(pdftex.def)             Requested size: 281.85587pt x 164.4671pt.
<PR2Images/ParallelEdgeSchem.PNG, id=116, 366.77025pt x 263.7855pt>
File: PR2Images/ParallelEdgeSchem.PNG Graphic file (type png)
<use PR2Images/ParallelEdgeSchem.PNG>
Package pdftex.def Info: PR2Images/ParallelEdgeSchem.PNG  used on input line 45
3.
(pdftex.def)             Requested size: 281.85587pt x 202.72101pt.
<PR2Images/NOREdgeSchem.PNG, id=117, 393.26926pt x 254.1495pt>
File: PR2Images/NOREdgeSchem.PNG Graphic file (type png)
<use PR2Images/NOREdgeSchem.PNG>
Package pdftex.def Info: PR2Images/NOREdgeSchem.PNG  used on input line 460.
(pdftex.def)             Requested size: 281.85587pt x 182.15373pt.
 [23 <./PR2Images/HBridgeCTRL_Block.PNG>] [24 <./PR2Images/BidirectionalEdgeSch
em.PNG> <./PR2Images/ParallelEdgeSchem.PNG>] [25 <./PR2Images/NOREdgeSchem.PNG>
]
Overfull \hbox (2.2909pt too wide) in paragraph at lines 508--509
[]\OT1/cmr/m/n/10 A full subsystem schematic of the receiver thus far is attach
ed at the end of the document. As implemented,
 []

<PR2Images/ReceiverBlockDiagramMCU.PNG, id=133, 771.48225pt x 352.9185pt>
File: PR2Images/ReceiverBlockDiagramMCU.PNG Graphic file (type png)
<use PR2Images/ReceiverBlockDiagramMCU.PNG>
Package pdftex.def Info: PR2Images/ReceiverBlockDiagramMCU.PNG  used on input l
ine 539.
(pdftex.def)             Requested size: 469.75502pt x 214.89224pt.
[26]
<PR2Images/JunctionRouting.png, id=137, 294.09875pt x 219.82124pt>
File: PR2Images/JunctionRouting.png Graphic file (type png)
<use PR2Images/JunctionRouting.png>
Package pdftex.def Info: PR2Images/JunctionRouting.png  used on input line 553.

(pdftex.def)             Requested size: 187.89914pt x 140.4436pt.
<PR2Images/SignalJunctionSchematic.PNG, id=138, 852.18375pt x 384.83775pt>
File: PR2Images/SignalJunctionSchematic.PNG Graphic file (type png)
<use PR2Images/SignalJunctionSchematic.PNG>
Package pdftex.def Info: PR2Images/SignalJunctionSchematic.PNG  used on input l
ine 560.
(pdftex.def)             Requested size: 469.75502pt x 212.14293pt.
 [27 <./PR2Images/ReceiverBlockDiagramMCU.PNG>] [28 <./PR2Images/JunctionRoutin
g.png> <./PR2Images/SignalJunctionSchematic.PNG>]
<PR2Images/AcrylicEdge.jpg, id=148, 1003.75pt x 752.8125pt>
File: PR2Images/AcrylicEdge.jpg Graphic file (type jpg)
<use PR2Images/AcrylicEdge.jpg>
Package pdftex.def Info: PR2Images/AcrylicEdge.jpg  used on input line 571.
(pdftex.def)             Requested size: 140.92793pt x 105.69168pt.
 [29 <./PR2Images/AcrylicEdge.jpg>] [30] [31]
Overfull \hbox (7.50385pt too wide) in paragraph at lines 674--675
[][][][][][][]
 []


Underfull \hbox (badness 1325) in paragraph at lines 675--676
[]\OT1/cmr/m/n/10 Begin prototyping key features, such as pedalboard - plate
 []

[32] [33] [34] (main.bbl [35]
Underfull \hbox (badness 2080) in paragraph at lines 173--177
[]\OT1/cmr/m/n/10 ON Semiconductor.  Lb1948mc bi-cmos integrated circuit 12v lo
w saturation voltage drive
 []

) [36] (main.aux)

LaTeX Warning: Label(s) may have changed. Rerun to get cross-references right.

 ) 
Here is how much of TeX's memory you used:
 7948 strings out of 494891
 119781 string characters out of 3178553
 255549 words of memory out of 3000000
 11378 multiletter control sequences out of 15000+200000
 9369 words of font info for 34 fonts, out of 3000000 for 9000
 0 hyphenation exceptions out of 8191
 45i,11n,39p,1972b,335s stack positions out of 5000i,500n,10000p,200000b,50000s
</home/npham01/.miktex/texmfs/install/fonts/type1/public/amsfonts/cm/cmbx10.p
fb></home/npham01/.miktex/texmfs/install/fonts/type1/public/amsfonts/cm/cmbx12.
pfb></home/npham01/.miktex/texmfs/install/fonts/type1/public/amsfonts/cm/cmex10
.pfb></home/npham01/.miktex/texmfs/install/fonts/type1/public/amsfonts/cm/cmmi1
0.pfb></home/npham01/.miktex/texmfs/install/fonts/type1/public/amsfonts/cm/cmmi
5.pfb></home/npham01/.miktex/texmfs/install/fonts/type1/public/amsfonts/cm/cmmi
7.pfb></home/npham01/.miktex/texmfs/install/fonts/type1/public/amsfonts/cm/cmr1
0.pfb></home/npham01/.miktex/texmfs/install/fonts/type1/public/amsfonts/cm/cmr1
2.pfb></home/npham01/.miktex/texmfs/install/fonts/type1/public/amsfonts/cm/cmr1
7.pfb></home/npham01/.miktex/texmfs/install/fonts/type1/public/amsfonts/cm/cmr5
.pfb></home/npham01/.miktex/texmfs/install/fonts/type1/public/amsfonts/cm/cmr7.
pfb></home/npham01/.miktex/texmfs/install/fonts/type1/public/amsfonts/cm/cmsy10
.pfb></home/npham01/.miktex/texmfs/install/fonts/type1/public/amsfonts/cm/cmsy7
.pfb></home/npham01/.miktex/texmfs/install/fonts/type1/public/amsfonts/cm/cmti1
0.pfb>
Output written on main.pdf (36 pages, 23237002 bytes).
PDF statistics:
 218 PDF objects out of 1000 (max. 8388607)
 0 named destinations out of 1000 (max. 500000)
 131 words of extra memory for PDF output out of 10000 (max. 10000000)

