This is pdfTeX, Version 3.14159265-2.6-1.40.20 (MiKTeX 2.9.6980) (preloaded format=pdflatex 2019.2.20)  8 MAR 2019 21:46
entering extended mode
**./main.tex
(main.tex
LaTeX2e <2018-04-01> patch level 5
(/home/npham01/.miktex/texmfs/install/tex/latex/base/article.cls
Document Class: article 2014/09/29 v1.4h Standard LaTeX document class
(/home/npham01/.miktex/texmfs/install/tex/latex/base/size10.clo
File: size10.clo 2014/09/29 v1.4h Standard LaTeX file (size option)
)
\c@part=\count80
\c@section=\count81
\c@subsection=\count82
\c@subsubsection=\count83
\c@paragraph=\count84
\c@subparagraph=\count85
\c@figure=\count86
\c@table=\count87
\abovecaptionskip=\skip41
\belowcaptionskip=\skip42
\bibindent=\dimen102
)
(/home/npham01/.miktex/texmfs/install/tex/latex/base/inputenc.sty
Package: inputenc 2018/04/06 v1.3b Input encoding file
\inpenc@prehook=\toks14
\inpenc@posthook=\toks15
)
(/home/npham01/.miktex/texmfs/install/tex/latex/graphics/graphicx.sty
Package: graphicx 2017/06/01 v1.1a Enhanced LaTeX Graphics (DPC,SPQR)

(/home/npham01/.miktex/texmfs/install/tex/latex/graphics/keyval.sty
Package: keyval 2014/10/28 v1.15 key=value parser (DPC)
\KV@toks@=\toks16
)
(/home/npham01/.miktex/texmfs/install/tex/latex/graphics/graphics.sty
Package: graphics 2017/06/25 v1.2c Standard LaTeX Graphics (DPC,SPQR)

(/home/npham01/.miktex/texmfs/install/tex/latex/graphics/trig.sty
Package: trig 2016/01/03 v1.10 sin cos tan (DPC)
)
(/home/npham01/.miktex/texmfs/install/tex/latex/graphics-cfg/graphics.cfg
File: graphics.cfg 2016/06/04 v1.11 sample graphics configuration
)
Package graphics Info: Driver file: pdftex.def on input line 99.

(/home/npham01/.miktex/texmfs/install/tex/latex/graphics-def/pdftex.def
File: pdftex.def 2018/01/08 v1.0l Graphics/color driver for pdftex
))
\Gin@req@height=\dimen103
\Gin@req@width=\dimen104
)
(/home/npham01/.miktex/texmfs/install/tex/latex/geometry/geometry.sty
Package: geometry 2018/04/16 v5.8 Page Geometry

(/home/npham01/.miktex/texmfs/install/tex/generic/oberdiek/ifpdf.sty
Package: ifpdf 2018/09/07 v3.3 Provides the ifpdf switch
)
(/home/npham01/.miktex/texmfs/install/tex/generic/oberdiek/ifvtex.sty
Package: ifvtex 2016/05/16 v1.6 Detect VTeX and its facilities (HO)
Package ifvtex Info: VTeX not detected.
)
(/home/npham01/.miktex/texmfs/install/tex/generic/ifxetex/ifxetex.sty
Package: ifxetex 2010/09/12 v0.6 Provides ifxetex conditional
)
\Gm@cnth=\count88
\Gm@cntv=\count89
\c@Gm@tempcnt=\count90
\Gm@bindingoffset=\dimen105
\Gm@wd@mp=\dimen106
\Gm@odd@mp=\dimen107
\Gm@even@mp=\dimen108
\Gm@layoutwidth=\dimen109
\Gm@layoutheight=\dimen110
\Gm@layouthoffset=\dimen111
\Gm@layoutvoffset=\dimen112
\Gm@dimlist=\toks17

(/home/npham01/.miktex/texmfs/install/tex/latex/geometry/geometry.cfg))
(/home/npham01/.miktex/texmfs/install/tex/latex/amsmath/amsmath.sty
Package: amsmath 2017/09/02 v2.17a AMS math features
\@mathmargin=\skip43

For additional information on amsmath, use the `?' option.
(/home/npham01/.miktex/texmfs/install/tex/latex/amsmath/amstext.sty
Package: amstext 2000/06/29 v2.01 AMS text

(/home/npham01/.miktex/texmfs/install/tex/latex/amsmath/amsgen.sty
File: amsgen.sty 1999/11/30 v2.0 generic functions
\@emptytoks=\toks18
\ex@=\dimen113
))
(/home/npham01/.miktex/texmfs/install/tex/latex/amsmath/amsbsy.sty
Package: amsbsy 1999/11/29 v1.2d Bold Symbols
\pmbraise@=\dimen114
)
(/home/npham01/.miktex/texmfs/install/tex/latex/amsmath/amsopn.sty
Package: amsopn 2016/03/08 v2.02 operator names
)
\inf@bad=\count91
LaTeX Info: Redefining \frac on input line 213.
\uproot@=\count92
\leftroot@=\count93
LaTeX Info: Redefining \overline on input line 375.
\classnum@=\count94
\DOTSCASE@=\count95
LaTeX Info: Redefining \ldots on input line 472.
LaTeX Info: Redefining \dots on input line 475.
LaTeX Info: Redefining \cdots on input line 596.
\Mathstrutbox@=\box26
\strutbox@=\box27
\big@size=\dimen115
LaTeX Font Info:    Redeclaring font encoding OML on input line 712.
LaTeX Font Info:    Redeclaring font encoding OMS on input line 713.
\macc@depth=\count96
\c@MaxMatrixCols=\count97
\dotsspace@=\muskip10
\c@parentequation=\count98
\dspbrk@lvl=\count99
\tag@help=\toks19
\row@=\count100
\column@=\count101
\maxfields@=\count102
\andhelp@=\toks20
\eqnshift@=\dimen116
\alignsep@=\dimen117
\tagshift@=\dimen118
\tagwidth@=\dimen119
\totwidth@=\dimen120
\lineht@=\dimen121
\@envbody=\toks21
\multlinegap=\skip44
\multlinetaggap=\skip45
\mathdisplay@stack=\toks22
LaTeX Info: Redefining \[ on input line 2817.
LaTeX Info: Redefining \] on input line 2818.
)
(/home/npham01/.miktex/texmfs/install/tex/latex/xcolor/xcolor.sty
Package: xcolor 2016/05/11 v2.12 LaTeX color extensions (UK)

(/home/npham01/.miktex/texmfs/install/tex/latex/graphics-cfg/color.cfg
File: color.cfg 2016/01/02 v1.6 sample color configuration
)
Package xcolor Info: Driver file: pdftex.def on input line 225.
Package xcolor Info: Model `cmy' substituted by `cmy0' on input line 1348.
Package xcolor Info: Model `hsb' substituted by `rgb' on input line 1352.
Package xcolor Info: Model `RGB' extended on input line 1364.
Package xcolor Info: Model `HTML' substituted by `rgb' on input line 1366.
Package xcolor Info: Model `Hsb' substituted by `hsb' on input line 1367.
Package xcolor Info: Model `tHsb' substituted by `hsb' on input line 1368.
Package xcolor Info: Model `HSB' substituted by `hsb' on input line 1369.
Package xcolor Info: Model `Gray' substituted by `gray' on input line 1370.
Package xcolor Info: Model `wave' substituted by `hsb' on input line 1371.
)
(/home/npham01/.miktex/texmfs/install/tex/latex/float/float.sty
Package: float 2001/11/08 v1.3d Float enhancements (AL)
\c@float@type=\count103
\float@exts=\toks23
\float@box=\box28
\@float@everytoks=\toks24
\@floatcapt=\box29
)
(/home/npham01/.miktex/texmfs/install/tex/latex/tools/longtable.sty
Package: longtable 2014/10/28 v4.11 Multi-page Table package (DPC)
\LTleft=\skip46
\LTright=\skip47
\LTpre=\skip48
\LTpost=\skip49
\LTchunksize=\count104
\LTcapwidth=\dimen122
\LT@head=\box30
\LT@firsthead=\box31
\LT@foot=\box32
\LT@lastfoot=\box33
\LT@cols=\count105
\LT@rows=\count106
\c@LT@tables=\count107
\c@LT@chunks=\count108
\LT@p@ftn=\toks25
)
(/home/npham01/.miktex/texmfs/install/tex/latex/multirow/multirow.sty
Package: multirow 2018/08/03 v2.3 Span multiple rows of a table
\multirow@colwidth=\skip50
\multirow@cntb=\count109
\multirow@dima=\skip51
\bigstrutjot=\dimen123
)
(/home/npham01/.miktex/texmfs/install/tex/latex/natbib/natbib.sty
Package: natbib 2010/09/13 8.31b (PWD, AO)
\bibhang=\skip52
\bibsep=\skip53
LaTeX Info: Redefining \cite on input line 694.
\c@NAT@ctr=\count110
)
(/home/npham01/.miktex/texmfs/install/tex/latex/glossaries/base/glossaries.sty
Package: glossaries 2018/07/23 v4.41 (NLCT)

(/home/npham01/.miktex/texmfs/install/tex/latex/base/ifthen.sty
Package: ifthen 2014/09/29 v1.1c Standard LaTeX ifthen package (DPC)
)
(/home/npham01/.miktex/texmfs/install/tex/latex/xkeyval/xkeyval.sty
Package: xkeyval 2014/12/03 v2.7a package option processing (HA)

(/home/npham01/.miktex/texmfs/install/tex/generic/xkeyval/xkeyval.tex
(/home/npham01/.miktex/texmfs/install/tex/generic/xkeyval/xkvutils.tex
\XKV@toks=\toks26
\XKV@tempa@toks=\toks27
)
\XKV@depth=\count111
File: xkeyval.tex 2014/12/03 v2.7a key=value parser (HA)
))
(/home/npham01/.miktex/texmfs/install/tex/latex/mfirstuc/mfirstuc.sty
Package: mfirstuc 2017/11/14 v2.06 (NLCT)

(/home/npham01/.miktex/texmfs/install/tex/latex/etoolbox/etoolbox.sty
Package: etoolbox 2018/08/19 v2.5f e-TeX tools for LaTeX (JAW)
\etb@tempcnta=\count112
)
\@glsmfirst=\toks28
\@glsmrest=\toks29
)
(/home/npham01/.miktex/texmfs/install/tex/latex/textcase/textcase.sty
Package: textcase 2004/10/07 v0.07 Text only upper/lower case changing (DPC)
)
(/home/npham01/.miktex/texmfs/install/tex/latex/xfor/xfor.sty
Package: xfor 2009/02/05 v1.05 (NLCT)
)
(/home/npham01/.miktex/texmfs/install/tex/latex/datatool/datatool-base.sty
Package: datatool-base 2018/04/16 v2.30 (NLCT)

(/home/npham01/.miktex/texmfs/install/tex/latex/substr/substr.sty
Package: substr 2009/10/20 v1.2 Handle substrings
\c@su@anzahl=\count113
)
(/home/npham01/.miktex/texmfs/install/tex/latex/datatool/datatool-fp.sty
Package: datatool-fp 2018/04/16 v2.30 (NLCT)

(/home/npham01/.miktex/texmfs/install/tex/latex/fp/fp.sty
Package: fp 1995/04/02

`Fixed Point Package', Version 0.8, April 2, 1995 (C) Michael Mehlich
(/home/npham01/.miktex/texmfs/install/tex/latex/fp/defpattern.sty
Package: defpattern 1994/10/12
\actioncount=\count114
)
(/home/npham01/.miktex/texmfs/install/tex/latex/fp/fp-basic.sty
Package: fp-basic 1996/05/13
\FP@xs=\count115
\FP@xia=\count116
\FP@xib=\count117
\FP@xfa=\count118
\FP@xfb=\count119
\FP@rega=\count120
\FP@regb=\count121
\FP@regs=\count122
\FP@times=\count123
)
(/home/npham01/.miktex/texmfs/install/tex/latex/fp/fp-addons.sty
Package: fp-addons 1995/03/15
)
(/home/npham01/.miktex/texmfs/install/tex/latex/fp/fp-snap.sty
Package: fp-snap 1995/04/05
)
(/home/npham01/.miktex/texmfs/install/tex/latex/fp/fp-exp.sty
Package: fp-exp 1995/04/03
)
(/home/npham01/.miktex/texmfs/install/tex/latex/fp/fp-trigo.sty
Package: fp-trigo 1995/04/14
)
(/home/npham01/.miktex/texmfs/install/tex/latex/fp/fp-pas.sty
Package: fp-pas 1994/08/29
)
(/home/npham01/.miktex/texmfs/install/tex/latex/fp/fp-random.sty
Package: fp-random 1995/02/23
\FPseed=\count124
)
(/home/npham01/.miktex/texmfs/install/tex/latex/fp/fp-eqn.sty
Package: fp-eqn 1995/04/03
)
(/home/npham01/.miktex/texmfs/install/tex/latex/fp/fp-upn.sty
Package: fp-upn 1996/10/21
)
(/home/npham01/.miktex/texmfs/install/tex/latex/fp/fp-eval.sty
Package: fp-eval 1995/04/03
)))
\@dtl@toks=\toks30
\@dtl@tmpcount=\count125
\dtl@tmplength=\skip54
\dtl@sortresult=\count126
\@dtl@numgrpsepcount=\count127
\@dtl@datatype=\count128
\dtl@codeA=\count129
\dtl@codeB=\count130
\@dtl@foreach@level=\count131
)
(/home/npham01/.miktex/texmfs/install/tex/latex/glossaries/base/glossaries-comp
atible-307.sty
Package: glossaries-compatible-307 2018/07/23 v4.41 (NLCT)
)
\gls@level=\count132
\@gls@tmpb=\toks31
\gls@tmplen=\skip55
\glskeylisttok=\toks32
\glslabeltok=\toks33
\glsshorttok=\toks34
\glslongtok=\toks35

(/home/npham01/.miktex/texmfs/install/tex/latex/glossaries/styles/glossary-hype
rnav.sty
Package: glossary-hypernav 2018/07/23 v4.41 (NLCT)
)
(/home/npham01/.miktex/texmfs/install/tex/latex/glossaries/styles/glossary-list
.sty
Package: glossary-list 2018/07/23 v4.41 (NLCT)
\glslistdottedwidth=\skip56
)
(/home/npham01/.miktex/texmfs/install/tex/latex/glossaries/styles/glossary-long
.sty
Package: glossary-long 2018/07/23 v4.41 (NLCT)
\glsdescwidth=\skip57
\glspagelistwidth=\skip58
)
(/home/npham01/.miktex/texmfs/install/tex/latex/glossaries/styles/glossary-supe
r.sty
Package: glossary-super 2018/07/23 v4.41 (NLCT)

(/home/npham01/.miktex/texmfs/install/tex/latex/supertabular/supertabular.sty
Package: supertabular 2004/02/20 v4.1e the supertabular environment
\c@tracingst=\count133
\ST@wd=\dimen124
\ST@rightskip=\skip59
\ST@leftskip=\skip60
\ST@parfillskip=\skip61
\ST@pageleft=\dimen125
\ST@headht=\dimen126
\ST@tailht=\dimen127
\ST@pagesofar=\dimen128
\ST@pboxht=\dimen129
\ST@lineht=\dimen130
\ST@stretchht=\dimen131
\ST@prevht=\dimen132
\ST@toadd=\dimen133
\ST@dimen=\dimen134
\ST@pbox=\box34
))
(/home/npham01/.miktex/texmfs/install/tex/latex/glossaries/styles/glossary-tree
.sty
Package: glossary-tree 2018/07/23 v4.41 (NLCT)
\glstreeindent=\skip62
))
\glswrite=\write3
\glo@main@file=\write4
\openout4 = `main.glo'.

Package glossaries Info: Writing glossary file main.glo on input line 13.
 (glossary.tex) (main.aux)
\openout1 = `main.aux'.

LaTeX Font Info:    Checking defaults for OML/cmm/m/it on input line 21.
LaTeX Font Info:    ... okay on input line 21.
LaTeX Font Info:    Checking defaults for T1/cmr/m/n on input line 21.
LaTeX Font Info:    ... okay on input line 21.
LaTeX Font Info:    Checking defaults for OT1/cmr/m/n on input line 21.
LaTeX Font Info:    ... okay on input line 21.
LaTeX Font Info:    Checking defaults for OMS/cmsy/m/n on input line 21.
LaTeX Font Info:    ... okay on input line 21.
LaTeX Font Info:    Checking defaults for OMX/cmex/m/n on input line 21.
LaTeX Font Info:    ... okay on input line 21.
LaTeX Font Info:    Checking defaults for U/cmr/m/n on input line 21.
LaTeX Font Info:    ... okay on input line 21.

(/home/npham01/.miktex/texmfs/install/tex/context/base/supp-pdf.mkii
[Loading MPS to PDF converter (version 2006.09.02).]
\scratchcounter=\count134
\scratchdimen=\dimen135
\scratchbox=\box35
\nofMPsegments=\count135
\nofMParguments=\count136
\everyMPshowfont=\toks36
\MPscratchCnt=\count137
\MPscratchDim=\dimen136
\MPnumerator=\count138
\makeMPintoPDFobject=\count139
\everyMPtoPDFconversion=\toks37
) (/home/npham01/.miktex/texmfs/install/tex/latex/oberdiek/epstopdf-base.sty
Package: epstopdf-base 2016/05/15 v2.6 Base part for package epstopdf

(/home/npham01/.miktex/texmfs/install/tex/generic/oberdiek/infwarerr.sty
Package: infwarerr 2016/05/16 v1.4 Providing info/warning/error messages (HO)
)
(/home/npham01/.miktex/texmfs/install/tex/latex/oberdiek/grfext.sty
Package: grfext 2016/05/16 v1.2 Manage graphics extensions (HO)

(/home/npham01/.miktex/texmfs/install/tex/generic/oberdiek/kvdefinekeys.sty
Package: kvdefinekeys 2016/05/16 v1.4 Define keys (HO)

(/home/npham01/.miktex/texmfs/install/tex/generic/oberdiek/ltxcmds.sty
Package: ltxcmds 2016/05/16 v1.23 LaTeX kernel commands for general use (HO)
)))
(/home/npham01/.miktex/texmfs/install/tex/latex/oberdiek/kvoptions.sty
Package: kvoptions 2016/05/16 v3.12 Key value format for package options (HO)

(/home/npham01/.miktex/texmfs/install/tex/generic/oberdiek/kvsetkeys.sty
Package: kvsetkeys 2016/05/16 v1.17 Key value parser (HO)

(/home/npham01/.miktex/texmfs/install/tex/generic/oberdiek/etexcmds.sty
Package: etexcmds 2016/05/16 v1.6 Avoid name clashes with e-TeX commands (HO)

(/home/npham01/.miktex/texmfs/install/tex/generic/oberdiek/ifluatex.sty
Package: ifluatex 2016/05/16 v1.4 Provides the ifluatex switch (HO)
Package ifluatex Info: LuaTeX not detected.
))))
(/home/npham01/.miktex/texmfs/install/tex/generic/oberdiek/pdftexcmds.sty
Package: pdftexcmds 2018/09/10 v0.29 Utility functions of pdfTeX for LuaTeX (HO
)
Package pdftexcmds Info: LuaTeX not detected.
Package pdftexcmds Info: \pdf@primitive is available.
Package pdftexcmds Info: \pdf@ifprimitive is available.
Package pdftexcmds Info: \pdfdraftmode found.
)
Package epstopdf-base Info: Redefining graphics rule for `.eps' on input line 4
38.
Package grfext Info: Graphics extension search list:
(grfext)             [.pdf,.png,.jpg,.mps,.jpeg,.jbig2,.jb2,.PDF,.PNG,.JPG,.JPE
G,.JBIG2,.JB2,.eps]
(grfext)             \AppendGraphicsExtensions on input line 456.
)
*geometry* driver: auto-detecting
*geometry* detected driver: pdftex
*geometry* verbose mode - [ preamble ] result:
* driver: pdftex
* paper: <default>
* layout: <same size as paper>
* layoutoffset:(h,v)=(0.0pt,0.0pt)
* modes: 
* h-part:(L,W,R)=(72.26999pt, 469.75502pt, 72.26999pt)
* v-part:(T,H,B)=(72.26999pt, 650.43001pt, 72.26999pt)
* \paperwidth=614.295pt
* \paperheight=794.96999pt
* \textwidth=469.75502pt
* \textheight=650.43001pt
* \oddsidemargin=0.0pt
* \evensidemargin=0.0pt
* \topmargin=-37.0pt
* \headheight=12.0pt
* \headsep=25.0pt
* \topskip=10.0pt
* \footskip=30.0pt
* \marginparwidth=65.0pt
* \marginparsep=11.0pt
* \columnsep=10.0pt
* \skip\footins=9.0pt plus 4.0pt minus 2.0pt
* \hoffset=0.0pt
* \voffset=0.0pt
* \mag=1000
* \@twocolumnfalse
* \@twosidefalse
* \@mparswitchfalse
* \@reversemarginfalse
* (1in=72.27pt=25.4mm, 1cm=28.453pt)

[1

\openout3 = `main.ist'.

{/home/npham01/.miktex/texmfs/data/pdftex/config/pdftex.map}] (main.gls)
[2]
<PR2Images/GuitarCenterBoard.jpg, id=13, 4047.12pt x 3035.34pt>
File: PR2Images/GuitarCenterBoard.jpg Graphic file (type jpg)
<use PR2Images/GuitarCenterBoard.jpg>
Package pdftex.def Info: PR2Images/GuitarCenterBoard.jpg  used on input line 55
.
(pdftex.def)             Requested size: 187.89914pt x 140.89174pt.
<PR2Images/BossDisplay.jpg, id=14, 451.6875pt x 338.76563pt>
File: PR2Images/BossDisplay.jpg Graphic file (type jpg)
<use PR2Images/BossDisplay.jpg>
Package pdftex.def Info: PR2Images/BossDisplay.jpg  used on input line 65.
(pdftex.def)             Requested size: 281.85587pt x 211.40233pt.
 [3] [4 <./PR2Images/GuitarCenterBoard.jpg> <./PR2Images/BossDisplay.jpg>]
<PR2Images/BufferedvTrueBypass.png, id=22, 543.02875pt x 432.61626pt>
File: PR2Images/BufferedvTrueBypass.png Graphic file (type png)
<use PR2Images/BufferedvTrueBypass.png>
Package pdftex.def Info: PR2Images/BufferedvTrueBypass.png  used on input line 
74.
(pdftex.def)             Requested size: 281.85587pt x 224.55247pt.
<PR2Images/RoutingConfigs.png, id=24, 780.9175pt x 860.21375pt>
File: PR2Images/RoutingConfigs.png Graphic file (type png)
<use PR2Images/RoutingConfigs.png>
Package pdftex.def Info: PR2Images/RoutingConfigs.png  used on input line 84.
(pdftex.def)             Requested size: 187.89914pt x 206.98055pt.

[5 <./PR2Images/BufferedvTrueBypass.png>] [6 <./PR2Images/RoutingConfigs.png>]
Underfull \hbox (badness 1281) in paragraph at lines 128--129
\OT1/cmr/m/n/10 of pedals available at typical retail
 []


Underfull \hbox (badness 1286) in paragraph at lines 128--129
\OT1/cmr/m/n/10 is a trade-off between compatibility
 []


Underfull \hbox (badness 2617) in paragraph at lines 129--130
\OT1/cmr/m/n/10 a simple metric might be number
 []


Underfull \hbox (badness 2435) in paragraph at lines 129--130
\OT1/cmr/m/n/10 of words required to give working
 []

[7]
Underfull \hbox (badness 1776) in paragraph at lines 142--143
\OT1/cmr/m/n/10 sold to a retailer is dependent on
 []


Underfull \hbox (badness 1067) in paragraph at lines 143--144
\OT1/cmr/m/n/10 pedal to interface with the system.
 []


Underfull \hbox (badness 3547) in paragraph at lines 144--145
\OT1/cmr/m/n/10 have a very high SNR, measured
 []


Underfull \hbox (badness 3439) in paragraph at lines 144--145
\OT1/cmr/m/n/10 in non-ideal circumstances at +90
 []


Underfull \hbox (badness 1194) in paragraph at lines 144--145
\OT1/cmr/m/n/10 dBV. Higher values in a controlled
 []


Underfull \hbox (badness 2980) in paragraph at lines 145--146
[]|\OT1/cmr/m/n/10 As an audio system, the solution
 []


Underfull \hbox (badness 3068) in paragraph at lines 145--146
\OT1/cmr/m/n/10 must at minimum pass the audio
 []


Underfull \hbox (badness 1142) in paragraph at lines 145--146
\OT1/cmr/m/n/10 be used with processors that could
 []


Underfull \hbox (badness 4205) in paragraph at lines 146--147
\OT1/cmr/m/n/10 delay between when the pedal is
 []


Underfull \hbox (badness 1490) in paragraph at lines 148--149
[]|\OT1/cmr/m/n/10 For ease of design and safety, the
 []


Underfull \hbox (badness 3009) in paragraph at lines 148--149
\OT1/cmr/m/n/10 solution should accept DC voltage
 []


Underfull \vbox (badness 10000) detected at line 150
 []

[8] [9]
<PR2Images/GCpedals.jpg, id=44, 4047.12pt x 3035.34pt>
File: PR2Images/GCpedals.jpg Graphic file (type jpg)
<use PR2Images/GCpedals.jpg>
Package pdftex.def Info: PR2Images/GCpedals.jpg  used on input line 163.
(pdftex.def)             Requested size: 281.85587pt x 211.38394pt.
<PR2Images/SystemBlockDiagram.PNG, id=45, 744.98325pt x 364.9635pt>
File: PR2Images/SystemBlockDiagram.PNG Graphic file (type png)
<use PR2Images/SystemBlockDiagram.PNG>
Package pdftex.def Info: PR2Images/SystemBlockDiagram.PNG  used on input line 1
74.
(pdftex.def)             Requested size: 469.75502pt x 230.13426pt.
 [10 <./PR2Images/GCpedals.jpg>] [11 <./PR2Images/SystemBlockDiagram.PNG>]
<PR2Images/CornerBracketPerspective.jpg, id=53, 3031.325pt x 1933.2225pt>
File: PR2Images/CornerBracketPerspective.jpg Graphic file (type jpg)
<use PR2Images/CornerBracketPerspective.jpg>
Package pdftex.def Info: PR2Images/CornerBracketPerspective.jpg  used on input 
line 203.
(pdftex.def)             Requested size: 140.92793pt x 89.85262pt.
<PR2Images/PedalBestFit.jpg, id=54, 562.1pt x 421.575pt>
File: PR2Images/PedalBestFit.jpg Graphic file (type jpg)
<use PR2Images/PedalBestFit.jpg>
Package pdftex.def Info: PR2Images/PedalBestFit.jpg  used on input line 215.
(pdftex.def)             Requested size: 281.85587pt x 211.39165pt.
<PR2Images/PlatePrototype.png, id=55, 1006.76125pt x 473.77pt>
File: PR2Images/PlatePrototype.png Graphic file (type png)
<use PR2Images/PlatePrototype.png>
Package pdftex.def Info: PR2Images/PlatePrototype.png  used on input line 222.
(pdftex.def)             Requested size: 281.85587pt x 132.633pt.
LaTeX Font Info:    Try loading font information for OMS+cmr on input line 231.

 (/home/npham01/.miktex/texmfs/install/tex/latex/base/omscmr.fd
File: omscmr.fd 2014/09/29 v2.5h Standard LaTeX font definitions
)
LaTeX Font Info:    Font shape `OMS/cmr/m/n' in size <10> not available
(Font)              Font shape `OMS/cmsy/m/n' tried instead on input line 231.
 [12 <./PR2Images/CornerBracketPerspective.jpg>] [13 <./PR2Images/PedalBestFit.
jpg> <./PR2Images/PlatePrototype.png>]
<PR2Images/batteryconn.JPG, id=65, 602.25pt x 602.25pt>
File: PR2Images/batteryconn.JPG Graphic file (type jpg)
<use PR2Images/batteryconn.JPG>
Package pdftex.def Info: PR2Images/batteryconn.JPG  used on input line 247.
(pdftex.def)             Requested size: 187.89914pt x 187.8994pt.
<PR2Images/springpin.jpg, id=66, 501.875pt x 282.05376pt>
File: PR2Images/springpin.jpg Graphic file (type jpg)
<use PR2Images/springpin.jpg>
Package pdftex.def Info: PR2Images/springpin.jpg  used on input line 248.
(pdftex.def)             Requested size: 187.89914pt x 105.60204pt.
 [14]
<PR2Images/MillMaxSeries0914_0908.png, id=71, 1768.6075pt x 518.93875pt>
File: PR2Images/MillMaxSeries0914_0908.png Graphic file (type png)
<use PR2Images/MillMaxSeries0914_0908.png>
Package pdftex.def Info: PR2Images/MillMaxSeries0914_0908.png  used on input li
ne 263.
(pdftex.def)             Requested size: 469.75502pt x 137.82692pt.
 [15 <./PR2Images/batteryconn.JPG> <./PR2Images/springpin.jpg> <./PR2Images/Mil
lMaxSeries0914_0908.png>]
<PR2Images/ParallelPowerSchematic.PNG, id=76, 309.5565pt x 469.15276pt>
File: PR2Images/ParallelPowerSchematic.PNG Graphic file (type png)
<use PR2Images/ParallelPowerSchematic.PNG>
Package pdftex.def Info: PR2Images/ParallelPowerSchematic.PNG  used on input li
ne 279.
(pdftex.def)             Requested size: 187.89914pt x 284.77965pt.
 [16]
<PR2Images/LM317_typicalapplication.PNG, id=82, 536.60475pt x 310.15875pt>
File: PR2Images/LM317_typicalapplication.PNG Graphic file (type png)
<use PR2Images/LM317_typicalapplication.PNG>
Package pdftex.def Info: PR2Images/LM317_typicalapplication.PNG  used on input 
line 299.
(pdftex.def)             Requested size: 375.80544pt x 217.21849pt.
<PR2Images/AdjustableRegulatorSchematic.PNG, id=83, 413.74574pt x 324.0105pt>
File: PR2Images/AdjustableRegulatorSchematic.PNG Graphic file (type png)
<use PR2Images/AdjustableRegulatorSchematic.PNG>
Package pdftex.def Info: PR2Images/AdjustableRegulatorSchematic.PNG  used on in
put line 306.
(pdftex.def)             Requested size: 375.80544pt x 294.31606pt.
 [17 <./PR2Images/ParallelPowerSchematic.PNG>] [18 <./PR2Images/LM317_typicalap
plication.PNG> <./PR2Images/AdjustableRegulatorSchematic.PNG>] [19]
<PR2Images/PlateDetectSwitch.PNG, id=99, 80.09924pt x 252.34274pt>
File: PR2Images/PlateDetectSwitch.PNG Graphic file (type png)
<use PR2Images/PlateDetectSwitch.PNG>
Package pdftex.def Info: PR2Images/PlateDetectSwitch.PNG  used on input line 37
0.
(pdftex.def)             Requested size: 46.97836pt x 147.99916pt.
 [20 <./PR2Images/PlateDetectSwitch.PNG>]
<PR2Images/GuitarPickupModel.PNG, id=104, 215.00325pt x 257.16075pt>
File: PR2Images/GuitarPickupModel.PNG Graphic file (type png)
<use PR2Images/GuitarPickupModel.PNG>
Package pdftex.def Info: PR2Images/GuitarPickupModel.PNG  used on input line 39
3.
(pdftex.def)             Requested size: 140.92793pt x 168.56119pt.
 [21 <./PR2Images/GuitarPickupModel.PNG>]
<PR2Images/DiscreteHBridge.png, id=109, 598.235pt x 586.19pt>
File: PR2Images/DiscreteHBridge.png Graphic file (type png)
<use PR2Images/DiscreteHBridge.png>
Package pdftex.def Info: PR2Images/DiscreteHBridge.png  used on input line 406.

(pdftex.def)             Requested size: 281.85587pt x 276.18018pt.
 [22 <./PR2Images/DiscreteHBridge.png>]
<PR2Images/HBridgeCTRL_Block.PNG, id=114, 703.428pt x 117.43875pt>
File: PR2Images/HBridgeCTRL_Block.PNG Graphic file (type png)
<use PR2Images/HBridgeCTRL_Block.PNG>
Package pdftex.def Info: PR2Images/HBridgeCTRL_Block.PNG  used on input line 44
0.
(pdftex.def)             Requested size: 469.75502pt x 78.42729pt.
<PR2Images/BidirectionalEdgeSchem.PNG, id=115, 342.68025pt x 199.947pt>
File: PR2Images/BidirectionalEdgeSchem.PNG Graphic file (type png)
<use PR2Images/BidirectionalEdgeSchem.PNG>
Package pdftex.def Info: PR2Images/BidirectionalEdgeSchem.PNG  used on input li
ne 449.
(pdftex.def)             Requested size: 281.85587pt x 164.4671pt.
<PR2Images/ParallelEdgeSchem.PNG, id=116, 366.77025pt x 263.7855pt>
File: PR2Images/ParallelEdgeSchem.PNG Graphic file (type png)
<use PR2Images/ParallelEdgeSchem.PNG>
Package pdftex.def Info: PR2Images/ParallelEdgeSchem.PNG  used on input line 45
6.
(pdftex.def)             Requested size: 281.85587pt x 202.72101pt.
<PR2Images/NOREdgeSchem.PNG, id=117, 393.26926pt x 254.1495pt>
File: PR2Images/NOREdgeSchem.PNG Graphic file (type png)
<use PR2Images/NOREdgeSchem.PNG>
Package pdftex.def Info: PR2Images/NOREdgeSchem.PNG  used on input line 463.
(pdftex.def)             Requested size: 281.85587pt x 182.15373pt.
 [23 <./PR2Images/HBridgeCTRL_Block.PNG>] [24 <./PR2Images/BidirectionalEdgeSch
em.PNG> <./PR2Images/ParallelEdgeSchem.PNG>] [25 <./PR2Images/NOREdgeSchem.PNG>
]
Overfull \hbox (2.2909pt too wide) in paragraph at lines 511--512
[]\OT1/cmr/m/n/10 A full subsystem schematic of the receiver thus far is attach
ed at the end of the document. As implemented,
 []

<PR2Images/ReceiverBlockDiagramMCU.PNG, id=133, 771.48225pt x 352.9185pt>
File: PR2Images/ReceiverBlockDiagramMCU.PNG Graphic file (type png)
<use PR2Images/ReceiverBlockDiagramMCU.PNG>
Package pdftex.def Info: PR2Images/ReceiverBlockDiagramMCU.PNG  used on input l
ine 542.
(pdftex.def)             Requested size: 469.75502pt x 214.89224pt.
[26] [27 <./PR2Images/ReceiverBlockDiagramMCU.PNG>]
<PR5Images/SwapTimeSetup.png, id=141, 558.085pt x 711.65875pt>
File: PR5Images/SwapTimeSetup.png Graphic file (type png)
<use PR5Images/SwapTimeSetup.png>
Package pdftex.def Info: PR5Images/SwapTimeSetup.png  used on input line 591.
(pdftex.def)             Requested size: 375.80544pt x 479.23045pt.

Underfull \hbox (badness 1997) in paragraph at lines 610--611
[]\OT1/cmr/m/n/10 Standard sized pedal with side mounted jacks
 []

[28] [29 <./PR5Images/SwapTimeSetup.png>] [30] [31] [32] [33]
<PR4Images/PedalsAvailable.jpg, id=162, 3011.25pt x 1521.685pt>
File: PR4Images/PedalsAvailable.jpg Graphic file (type jpg)
<use PR4Images/PedalsAvailable.jpg>
Package pdftex.def Info: PR4Images/PedalsAvailable.jpg  used on input line 765.

(pdftex.def)             Requested size: 375.80544pt x 189.90831pt.
<PR4Images/PEdalCompatibility.jpg, id=163, 736.7525pt x 543.02875pt>
File: PR4Images/PEdalCompatibility.jpg Graphic file (type jpg)
<use PR4Images/PEdalCompatibility.jpg>
Package pdftex.def Info: PR4Images/PEdalCompatibility.jpg  used on input line 8
13.
(pdftex.def)             Requested size: 469.75502pt x 346.23631pt.
 [34 <./PR4Images/PedalsAvailable.jpg>] [35] [36 <./PR4Images/PEdalCompatibilit
y.jpg>] [37]
<PR4Images/FRactive.jpg, id=177, 562.1pt x 421.575pt>
File: PR4Images/FRactive.jpg Graphic file (type jpg)
<use PR4Images/FRactive.jpg>
Package pdftex.def Info: PR4Images/FRactive.jpg  used on input line 859.
(pdftex.def)             Requested size: 375.80544pt x 281.85553pt.

[38 <./PR4Images/FRactive.jpg>]
<tekmeasurements/tek0004.png, id=181, 803.0pt x 481.8pt>
File: tekmeasurements/tek0004.png Graphic file (type png)
<use tekmeasurements/tek0004.png>
Package pdftex.def Info: tekmeasurements/tek0004.png  used on input line 880.
(pdftex.def)             Requested size: 375.80544pt x 225.49031pt.

Overfull \hbox (8.01424pt too wide) in paragraph at lines 890--891
[]\OT1/cmr/m/n/10 The other type of transients are related to the signals thems
elves that are being switched. Any instantaneous
 []

[39 <./tekmeasurements/tek0004.png (PNG copy)>] [40]
<PR4Images/ModularHierarchy.png, id=188, 1812.7725pt x 596.2275pt>
File: PR4Images/ModularHierarchy.png Graphic file (type png)
<use PR4Images/ModularHierarchy.png>
Package pdftex.def Info: PR4Images/ModularHierarchy.png  used on input line 909
.
(pdftex.def)             Requested size: 469.75502pt x 154.49692pt.
 [41 <./PR4Images/ModularHierarchy.png>] [42] [43]
Underfull \hbox (badness 10000) in paragraph at lines 982--983
[]\OT1/cmr/m/n/10 Allow increased headroom for
 []


Underfull \hbox (badness 7397) in paragraph at lines 983--984
[]\OT1/cmr/m/n/10 Potentially expensive for quality
 []


Underfull \hbox (badness 6708) in paragraph at lines 984--985
[]\OT1/cmr/m/n/10 Bipolar supply possible for DC
 []

<PR4Images/AVDDregulator.PNG, id=200, 975.04276pt x 327.02174pt>
File: PR4Images/AVDDregulator.PNG Graphic file (type png)
<use PR4Images/AVDDregulator.PNG>
Package pdftex.def Info: PR4Images/AVDDregulator.PNG  used on input line 1009.
(pdftex.def)             Requested size: 469.75502pt x 157.55247pt.
[44]
<PR4Images/WorstCaseInputImpedancePath.png, id=204, 1003.75pt x 466.74374pt>
File: PR4Images/WorstCaseInputImpedancePath.png Graphic file (type png)
<use PR4Images/WorstCaseInputImpedancePath.png>
Package pdftex.def Info: PR4Images/WorstCaseInputImpedancePath.png  used on inp
ut line 1022.
(pdftex.def)             Requested size: 375.80544pt x 174.75072pt.
 [45 <./PR4Images/AVDDregulator.PNG> <./PR4Images/WorstCaseInputImpedancePath.p
ng>]
<PR4Images/RoutingSchem.PNG, id=210, 1046.10825pt x 304.7385pt>
File: PR4Images/RoutingSchem.PNG Graphic file (type png)
<use PR4Images/RoutingSchem.PNG>
Package pdftex.def Info: PR4Images/RoutingSchem.PNG  used on input line 1037.
(pdftex.def)             Requested size: 469.75502pt x 136.84276pt.
<PR5Images/UIArrowCloseupCAD.png, id=211, 470.9595pt x 275.22826pt>
File: PR5Images/UIArrowCloseupCAD.png Graphic file (type png)
<use PR5Images/UIArrowCloseupCAD.png>
Package pdftex.def Info: PR5Images/UIArrowCloseupCAD.png  used on input line 10
57.
(pdftex.def)             Requested size: 375.80544pt x 219.62856pt.
 [46 <./PR4Images/RoutingSchem.PNG>]
<PR4Images/UIOverview.png, id=216, 1791.69376pt x 853.1875pt>
File: PR4Images/UIOverview.png Graphic file (type png)
<use PR4Images/UIOverview.png>
Package pdftex.def Info: PR4Images/UIOverview.png  used on input line 1076.
(pdftex.def)             Requested size: 469.75502pt x 223.68517pt.
 [47 <./PR5Images/UIArrowCloseupCAD.png>]
<PR5Images/UIAsmCAD.png, id=221, 533.5935pt x 451.6875pt>
File: PR5Images/UIAsmCAD.png Graphic file (type png)
<use PR5Images/UIAsmCAD.png>
Package pdftex.def Info: PR5Images/UIAsmCAD.png  used on input line 1089.
(pdftex.def)             Requested size: 375.80544pt x 318.13646pt.
<PR4Images/UIarrowlabels.png, id=222, 226.8475pt x 434.62375pt>
File: PR4Images/UIarrowlabels.png Graphic file (type png)
<use PR4Images/UIarrowlabels.png>
Package pdftex.def Info: PR4Images/UIarrowlabels.png  used on input line 1102.
(pdftex.def)             Requested size: 70.46037pt x 134.99724pt.
<PR4Images/UIFSM.png, id=223, 880.28876pt x 671.50874pt>
File: PR4Images/UIFSM.png Graphic file (type png)
<use PR4Images/UIFSM.png>
Package pdftex.def Info: PR4Images/UIFSM.png  used on input line 1111.
(pdftex.def)             Requested size: 234.8775pt x 179.16829pt.
 [48 <./PR4Images/UIOverview.png>] [49 <./PR5Images/UIAsmCAD.png> <./PR4Images/
UIarrowlabels.png>] [50 <./PR4Images/UIFSM.png>]
<PR4Images/LEDconstcurrentdriver.PNG, id=239, 492.03825pt x 361.95226pt>
File: PR4Images/LEDconstcurrentdriver.PNG Graphic file (type png)
<use PR4Images/LEDconstcurrentdriver.PNG>
Package pdftex.def Info: PR4Images/LEDconstcurrentdriver.PNG  used on input lin
e 1160.
(pdftex.def)             Requested size: 234.8775pt x 172.77963pt.
<PR5Images/PCBHierarchy.png, id=240, 1034.86626pt x 755.82375pt>
File: PR5Images/PCBHierarchy.png Graphic file (type png)
<use PR5Images/PCBHierarchy.png>
Package pdftex.def Info: PR5Images/PCBHierarchy.png  used on input line 1173.
(pdftex.def)             Requested size: 187.89914pt x 137.23029pt.
<PR5Images/PCBs.png, id=241, 578.16pt x 320.19624pt>
File: PR5Images/PCBs.png Graphic file (type png)
<use PR5Images/PCBs.png>
Package pdftex.def Info: PR5Images/PCBs.png  used on input line 1174.
(pdftex.def)             Requested size: 281.85587pt x 156.09625pt.
<PR5Images/MainBoard2D.png, id=242, 1106.9355pt x 346.29375pt>
File: PR5Images/MainBoard2D.png Graphic file (type png)
<use PR5Images/MainBoard2D.png>
Package pdftex.def Info: PR5Images/MainBoard2D.png  used on input line 1185.
(pdftex.def)             Requested size: 469.75502pt x 146.95888pt.
<PR5Images/PCBDivision.png, id=243, 1422.31375pt x 457.71pt>
File: PR5Images/PCBDivision.png Graphic file (type png)
<use PR5Images/PCBDivision.png>
Package pdftex.def Info: PR5Images/PCBDivision.png  used on input line 1186.
(pdftex.def)             Requested size: 469.75502pt x 151.17047pt.
 [51 <./PR4Images/LEDconstcurrentdriver.PNG>] [52 <./PR5Images/PCBHierarchy.png
> <./PR5Images/PCBs.png>]
<PR5Images/FullAsmCAD.png, id=253, 788.34525pt x 394.47375pt>
File: PR5Images/FullAsmCAD.png Graphic file (type png)
<use PR5Images/FullAsmCAD.png>
Package pdftex.def Info: PR5Images/FullAsmCAD.png  used on input line 1201.
(pdftex.def)             Requested size: 469.75502pt x 235.06088pt.
[53 <./PR5Images/MainBoard2D.png> <./PR5Images/PCBDivision.png>]
<PR5Images/PedalDimPlotwSlot.jpg, id=259, 962.59625pt x 633.36626pt>
File: PR5Images/PedalDimPlotwSlot.jpg Graphic file (type jpg)
<use PR5Images/PedalDimPlotwSlot.jpg>
Package pdftex.def Info: PR5Images/PedalDimPlotwSlot.jpg  used on input line 12
12.
(pdftex.def)             Requested size: 234.8775pt x 154.54308pt.
<PR5Images/PlateALTopViewCAD.png, id=260, 430.0065pt x 514.92375pt>
File: PR5Images/PlateALTopViewCAD.png Graphic file (type png)
<use PR5Images/PlateALTopViewCAD.png>
Package pdftex.def Info: PR5Images/PlateALTopViewCAD.png  used on input line 12
19.
(pdftex.def)             Requested size: 234.8775pt x 281.26038pt.
<PR5Images/PlateAsmCAD.png, id=261, 1038.88126pt x 345.08925pt>
File: PR5Images/PlateAsmCAD.png Graphic file (type png)
<use PR5Images/PlateAsmCAD.png>
Package pdftex.def Info: PR5Images/PlateAsmCAD.png  used on input line 1220.
(pdftex.def)             Requested size: 234.8775pt x 78.01558pt.
 [54 <./PR5Images/FullAsmCAD.png>] [55 <./PR5Images/PedalDimPlotwSlot.jpg> <./P
R5Images/PlateALTopViewCAD.png> <./PR5Images/PlateAsmCAD.png>]
Overfull \hbox (6.0pt too wide) in paragraph at lines 1240--1241
[][][][][][][]| 
 []


Overfull \hbox (6.0pt too wide) in paragraph at lines 1241--1242
[][][][][][][]| 
 []


Underfull \hbox (badness 1325) in paragraph at lines 1242--1242
[]\OT1/cmr/m/n/10 Begin prototyping key features, such as pedalboard - plate
 []


Overfull \hbox (6.0pt too wide) in paragraph at lines 1242--1243
[][][][][][][]| 
 []


Overfull \hbox (6.0pt too wide) in paragraph at lines 1243--1244
[][][][][][][]| 
 []


Overfull \hbox (9.33333pt too wide) in paragraph at lines 1244--1245
[][][][][][][]| 
 []


Overfull \hbox (6.0pt too wide) in paragraph at lines 1245--1246
[][][][][][][]| 
 []


Overfull \hbox (9.33333pt too wide) in paragraph at lines 1246--1247
[][][][][][][]| 
 []


Overfull \hbox (9.33333pt too wide) in paragraph at lines 1247--1248
[][][][][][][]| 
 []


Overfull \hbox (9.33333pt too wide) in paragraph at lines 1248--1249
[][][][][][][]| 
 []


Overfull \hbox (6.0pt too wide) in paragraph at lines 1257--1258
[][][][][][][]| 
 []


Overfull \hbox (169.77806pt too wide) in paragraph at lines 1258--1259
[][][][][][][][][][][][][]| 
 []


Overfull \hbox (6.0pt too wide) in paragraph at lines 1259--1260
[][][][][][][]| 
 []

[56] [57] (main.bbl [58]
Underfull \hbox (badness 2080) in paragraph at lines 174--178
[]\OT1/cmr/m/n/10 ON Semiconductor.  Lb1948mc bi-cmos integrated circuit 12v lo
w saturation voltage drive
 []

) [59] (main.aux) ) 
Here is how much of TeX's memory you used:
 8191 strings out of 494890
 124985 string characters out of 3178545
 257266 words of memory out of 3000000
 11593 multiletter control sequences out of 15000+200000
 9873 words of font info for 37 fonts, out of 3000000 for 9000
 0 hyphenation exceptions out of 8191
 45i,13n,39p,1987b,335s stack positions out of 5000i,500n,10000p,200000b,50000s
</home/npham01/.miktex/texmfs/install/fonts/type1/public/ams
fonts/cm/cmbx10.pfb></home/npham01/.miktex/texmfs/install/fonts/type1/public/am
sfonts/cm/cmbx12.pfb></home/npham01/.miktex/texmfs/install/fonts/type1/public/a
msfonts/cm/cmex10.pfb></home/npham01/.miktex/texmfs/install/fonts/type1/public/
amsfonts/cm/cmmi10.pfb></home/npham01/.miktex/texmfs/install/fonts/type1/public
/amsfonts/cm/cmmi5.pfb></home/npham01/.miktex/texmfs/install/fonts/type1/public
/amsfonts/cm/cmmi7.pfb></home/npham01/.miktex/texmfs/install/fonts/type1/public
/amsfonts/cm/cmr10.pfb></home/npham01/.miktex/texmfs/install/fonts/type1/public
/amsfonts/cm/cmr12.pfb></home/npham01/.miktex/texmfs/install/fonts/type1/public
/amsfonts/cm/cmr17.pfb></home/npham01/.miktex/texmfs/install/fonts/type1/public
/amsfonts/cm/cmr5.pfb></home/npham01/.miktex/texmfs/install/fonts/type1/public/
amsfonts/cm/cmr7.pfb></home/npham01/.miktex/texmfs/install/fonts/type1/public/a
msfonts/cm/cmsy10.pfb></home/npham01/.miktex/texmfs/install/fonts/type1/public/
amsfonts/cm/cmsy7.pfb></home/npham01/.miktex/texmfs/install/fonts/type1/public/
amsfonts/cm/cmti10.pfb></home/npham01/.miktex/texmfs/install/fonts/type1/public
/amsfonts/cm/cmtt10.pfb>
Output written on main.pdf (59 pages, 26621684 bytes).
PDF statistics:
 333 PDF objects out of 1000 (max. 8388607)
 0 named destinations out of 1000 (max. 500000)
 231 words of extra memory for PDF output out of 10000 (max. 10000000)

